{"priority": "minor", "kind": "bug", "repository": {"links": {"self": {"href": "data/repositories/hoffmanlab/segtools.json"}, "html": {"href": "#!/hoffmanlab/segtools"}, "avatar": {"href": "data/bytebucket.org/ravatar/{981b7f63-4900-4255-97c0-c244f833a3ee}ts=python"}}, "type": "repository", "name": "segtools", "full_name": "hoffmanlab/segtools", "uuid": "{981b7f63-4900-4255-97c0-c244f833a3ee}"}, "links": {"attachments": {"href": "data/repositories/hoffmanlab/segtools/issues/21/attachments_page=1.json"}, "self": {"href": "data/repositories/hoffmanlab/segtools/issues/21.json"}, "watch": {"href": "https://api.bitbucket.org/2.0/repositories/hoffmanlab/segtools/issues/21/watch"}, "comments": {"href": "data/repositories/hoffmanlab/segtools/issues/21/comments_page=1.json"}, "html": {"href": "#!/hoffmanlab/segtools/issues/21/test-suite-needs-updating"}, "vote": {"href": "https://api.bitbucket.org/2.0/repositories/hoffmanlab/segtools/issues/21/vote"}}, "reporter": {"display_name": "Eric Roberts", "uuid": "{cd8c1fe0-28ca-45fb-8ef9-48090b42bb80}", "links": {"self": {"href": "https://api.bitbucket.org/2.0/users/%7Bcd8c1fe0-28ca-45fb-8ef9-48090b42bb80%7D"}, "html": {"href": "https://bitbucket.org/%7Bcd8c1fe0-28ca-45fb-8ef9-48090b42bb80%7D/"}, "avatar": {"href": "data/secure.gravatar.com/avatar/17548d71dfb29d015b880f48cfc01ca3d=httpsavatar-management--avatars.us-west-2.prod.public.atl-paas.netinitialsER-5.png"}}, "nickname": "ericr86", "type": "user", "account_id": "557058:c80ca578-03a1-4ac6-b3ee-50372a3fceee"}, "title": "Test suite needs updating?", "component": null, "votes": 0, "watches": 0, "content": {"raw": "Original [issue 21](https://code.google.com/p/segtools/issues/detail?id=21) created by ericr86 on 2011-04-13T17:18:57.000Z:\n\nJust installed segway 1.0.3, genomedata 1.2.2 and segtools 1.1.6.\r\n\r\nGet the following error running the segtools test suite; apparently segtools.bed_compare was deprecated at some point??? and the test not updated.\r\n\r\nroot@domU-12-31-39-07-1E-71:/segway-build/src/segtools-1.1.6/test# ./run_all.py \r\nFound test modules: ['test_bed_compare', 'test_overlap', 'test_feature_distance']\r\nTraceback (most recent call last):\r\n  File &quot;./run_all.py&quot;, line 34, in &lt;module&gt;\r\n    sys.exit(main())\r\n  File &quot;./run_all.py&quot;, line 25, in main\r\n    suite = unittest.defaultTestLoader.loadTestsFromNames(modulenames)\r\n  File &quot;/usr/lib/python2.6/unittest.py&quot;, line 613, in loadTestsFromNames\r\n    suites = [self.loadTestsFromName(name, module) for name in names]\r\n  File &quot;/usr/lib/python2.6/unittest.py&quot;, line 576, in loadTestsFromName\r\n    module = __import__('.'.join(parts_copy))\r\n  File &quot;/segway-build/src/segtools-1.1.6/test/test_bed_compare.py&quot;, line 11, in &lt;module&gt;\r\n    from segtools.bed_compare import edit_distance\r\nImportError: No module named bed_compare\r\n", "markup": "creole", "html": "<p>Original [issue 21](<a href=\"https://code.google.com/p/segtools/issues/detail?id=21\" rel=\"nofollow\">https://code.google.com/p/segtools/issues/detail?id=21</a>) created by ericr86 on 2011-04-13T17:18:57.000Z:</p>\n<p>Just installed segway 1.0.3, genomedata 1.2.2 and segtools 1.1.6.</p>\n<p>Get the following error running the segtools test suite; apparently segtools.bed_compare was deprecated at some point??? and the test not updated.</p>\n<p>root@domU-12-31-39-07-1E-71:/segway-build/src/segtools-1.1.6/test# ./run_all.py \nFound test modules: ['test_bed_compare', 'test_overlap', 'test_feature_distance']\nTraceback (most recent call last):\n  File &amp;quot;./run_all.py&amp;quot;, line 34, in &amp;lt;module&amp;gt;\n    sys.exit(main())\n  File &amp;quot;./run_all.py&amp;quot;, line 25, in main\n    suite = unittest.defaultTestLoader.loadTestsFromNames(modulenames)\n  File &amp;quot;/usr/lib/python2.6/unittest.py&amp;quot;, line 613, in loadTestsFromNames\n    suites = [self.loadTestsFromName(name, module) for name in names]\n  File &amp;quot;/usr/lib/python2.6/unittest.py&amp;quot;, line 576, in loadTestsFromName\n    module = <u>import</u>('.'.join(parts_copy))\n  File &amp;quot;/segway-build/src/segtools-1.1.6/test/test_bed_compare.py&amp;quot;, line 11, in &amp;lt;module&amp;gt;\n    from segtools.bed_compare import edit_distance\nImportError: No module named bed_compare</p>\n", "type": "rendered"}, "assignee": null, "state": "new", "version": null, "edited_on": null, "created_on": "2011-04-13T17:18:57+00:00", "milestone": null, "updated_on": "2011-04-13T17:18:57+00:00", "type": "issue", "id": 21}